{"D:\\Projects\\JavaScript-Exercises\\Homework_1\\src\\main.js": {"path":"D:\\Projects\\JavaScript-Exercises\\Homework_1\\src\\main.js","statementMap":{"0":{"start":{"line":2,"column":4},"end":{"line":4,"column":5}},"1":{"start":{"line":3,"column":8},"end":{"line":3,"column":45}},"2":{"start":{"line":6,"column":17},"end":{"line":6,"column":18}},"3":{"start":{"line":7,"column":4},"end":{"line":11,"column":5}},"4":{"start":{"line":7,"column":15},"end":{"line":7,"column":16}},"5":{"start":{"line":8,"column":8},"end":{"line":10,"column":9}},"6":{"start":{"line":9,"column":8},"end":{"line":9,"column":20}},"7":{"start":{"line":12,"column":4},"end":{"line":12,"column":18}}},"fnMap":{"0":{"name":"sumOfEvenNumbers","decl":{"start":{"line":1,"column":16},"end":{"line":1,"column":32}},"loc":{"start":{"line":1,"column":35},"end":{"line":13,"column":1}},"line":1}},"branchMap":{"0":{"loc":{"start":{"line":2,"column":4},"end":{"line":4,"column":5}},"type":"if","locations":[{"start":{"line":2,"column":4},"end":{"line":4,"column":5}},{"start":{},"end":{}}],"line":2},"1":{"loc":{"start":{"line":2,"column":7},"end":{"line":2,"column":51}},"type":"binary-expr","locations":[{"start":{"line":2,"column":7},"end":{"line":2,"column":28}},{"start":{"line":2,"column":32},"end":{"line":2,"column":51}}],"line":2},"2":{"loc":{"start":{"line":8,"column":8},"end":{"line":10,"column":9}},"type":"if","locations":[{"start":{"line":8,"column":8},"end":{"line":10,"column":9}},{"start":{},"end":{}}],"line":8}},"s":{"0":10,"1":8,"2":2,"3":2,"4":2,"5":13,"6":6,"7":2},"f":{"0":10},"b":{"0":[8,2],"1":[10,4],"2":[6,7]},"inputSourceMap":null,"_coverageSchema":"1a1c01bbd47fc00a2c39e90264f33305004495a9","hash":"d7f3d39d8a82310bec533815df518a3c6baeab38"}
}
